0 info it worked if it ends with ok
1 verbose cli [ 'node', '/Users/dsegal/.nvm/v0.10.39/bin/npm', 'start' ]
2 info using npm@3.3.3
3 info using node@v0.10.39
4 verbose run-script [ 'prestart', 'start', 'poststart' ]
5 info lifecycle hapi-ex@1.0.0~prestart: hapi-ex@1.0.0
6 silly lifecycle hapi-ex@1.0.0~prestart: no script for prestart, continuing
7 info lifecycle hapi-ex@1.0.0~start: hapi-ex@1.0.0
8 verbose lifecycle hapi-ex@1.0.0~start: unsafe-perm in lifecycle true
9 verbose lifecycle hapi-ex@1.0.0~start: PATH: /Users/dsegal/.nvm/v0.10.39/lib/node_modules/npm/bin/node-gyp-bin:/Users/dsegal/webdev/hapi-ex/node_modules/.bin:/Users/dsegal/.nvm/v0.10.39/bin:/usr/local/heroku/bin:/usr/bin:/bin:/usr/sbin:/sbin:/usr/local/bin:/usr/local/share/python/:/Applications/Couchbase Server.app/Contents/Resources/couchbase-core/bin/
10 verbose lifecycle hapi-ex@1.0.0~start: CWD: /Users/dsegal/webdev/hapi-ex
11 silly lifecycle hapi-ex@1.0.0~start: Args: [ '-c', 'node src/app.js' ]
12 silly lifecycle hapi-ex@1.0.0~start: Returned: code: 8  signal: null
13 info lifecycle hapi-ex@1.0.0~start: Failed to exec start script
14 verbose stack Error: hapi-ex@1.0.0 start: `node src/app.js`
14 verbose stack Exit status 8
14 verbose stack     at EventEmitter.<anonymous> (/Users/dsegal/.nvm/v0.10.39/lib/node_modules/npm/lib/utils/lifecycle.js:233:16)
14 verbose stack     at EventEmitter.emit (events.js:98:17)
14 verbose stack     at ChildProcess.<anonymous> (/Users/dsegal/.nvm/v0.10.39/lib/node_modules/npm/lib/utils/spawn.js:24:14)
14 verbose stack     at ChildProcess.emit (events.js:98:17)
14 verbose stack     at maybeClose (child_process.js:766:16)
14 verbose stack     at Process.ChildProcess._handle.onexit (child_process.js:833:5)
15 verbose pkgid hapi-ex@1.0.0
16 verbose cwd /Users/dsegal/webdev/hapi-ex
17 error Darwin 14.5.0
18 error argv "node" "/Users/dsegal/.nvm/v0.10.39/bin/npm" "start"
19 error node v0.10.39
20 error npm  v3.3.3
21 error code ELIFECYCLE
22 error hapi-ex@1.0.0 start: `node src/app.js`
22 error Exit status 8
23 error Failed at the hapi-ex@1.0.0 start script 'node src/app.js'.
23 error This is most likely a problem with the hapi-ex package,
23 error not with npm itself.
23 error Tell the author that this fails on your system:
23 error     node src/app.js
23 error You can get their info via:
23 error     npm owner ls hapi-ex
23 error There is likely additional logging output above.
24 verbose exit [ 1, true ]
